Base path: C:/Program Files/Unity/Editor/Data
Pipe name: \\.\pipe\UnityShaderCompiler-64bit-1-15348
Cmd: getPlatforms
Cmd: preprocess
  insize=4159 outsize=1016 ok=1
Cmd: compileSnippet
  api=4 type=0 insize=3447 outsize=2281 kw=WATER_REFRACTIVE ok=1
Cmd: compileSnippet
  api=4 type=1 insize=3447 outsize=2891 kw=WATER_REFRACTIVE ok=1
Cmd: preprocess
  insize=12815 outsize=2575 ok=1
Cmd: compileSnippet
  api=4 type=0 insize=10255 outsize=5393 kw=WATER_REFLECTIVE WATER_VERTEX_DISPLACEMENT_ON WATER_EDGEBLEND_ON ok=1
Cmd: compileSnippet
  api=4 type=1 insize=10255 outsize=6157 kw=WATER_REFLECTIVE WATER_VERTEX_DISPLACEMENT_ON WATER_EDGEBLEND_ON ok=1
Cmd: compileSnippet
  api=4 type=0 insize=10261 outsize=5003 kw=WATER_REFLECTIVE WATER_VERTEX_DISPLACEMENT_ON WATER_EDGEBLEND_ON ok=1
Cmd: compileSnippet
  api=4 type=1 insize=10261 outsize=4743 kw=WATER_REFLECTIVE WATER_VERTEX_DISPLACEMENT_ON WATER_EDGEBLEND_ON ok=1
Cmd: compileSnippet
  api=4 type=0 insize=10030 outsize=1989 kw= ok=1
Cmd: compileSnippet
  api=4 type=1 insize=10030 outsize=3329 kw= ok=1
Cmd: preprocess
  insize=11975 outsize=2457 ok=1
Cmd: compileSnippet
  api=4 type=0 insize=9538 outsize=5044 kw=WATER_REFLECTIVE WATER_VERTEX_DISPLACEMENT_ON WATER_EDGEBLEND_ON ok=1
Cmd: compileSnippet
  api=4 type=1 insize=9538 outsize=5263 kw=WATER_REFLECTIVE WATER_VERTEX_DISPLACEMENT_ON WATER_EDGEBLEND_ON ok=1
Cmd: compileSnippet
  api=4 type=0 insize=9540 outsize=4751 kw=WATER_REFLECTIVE WATER_VERTEX_DISPLACEMENT_ON WATER_EDGEBLEND_ON ok=1
Cmd: compileSnippet
  api=4 type=1 insize=9540 outsize=4475 kw=WATER_REFLECTIVE WATER_VERTEX_DISPLACEMENT_ON WATER_EDGEBLEND_ON ok=1
Cmd: compileSnippet
  api=4 type=0 insize=9313 outsize=1948 kw= ok=1
Cmd: compileSnippet
  api=4 type=1 insize=9313 outsize=3329 kw= ok=1
Cmd: preprocess
  insize=1802 outsize=527 ok=1
Cmd: compileSnippet
  api=4 type=0 insize=1581 outsize=2200 kw= ok=1
Cmd: compileSnippet
  api=4 type=1 insize=1581 outsize=2086 kw= ok=1
Cmd: compileSnippet
  api=4 type=0 insize=1319 outsize=14623 kw=SHADOWS_DEPTH GEOM_TYPE_FROND ok=1
Cmd: compileSnippet
  api=4 type=1 insize=1319 outsize=908 kw=SHADOWS_DEPTH GEOM_TYPE_FROND ok=1
Cmd: compileSnippet
  api=4 type=0 insize=634781 outsize=15623 kw=DIRECTIONAL SHADOWS_OFF LIGHTMAP_OFF DIRLIGHTMAP_OFF DYNAMICLIGHTMAP_OFF EFFECT_BUMP EFFECT_HUE_VARIATION GEOM_TYPE_FROND ok=1
Cmd: compileSnippet
  api=4 type=1 insize=634781 outsize=3151 kw=DIRECTIONAL SHADOWS_OFF LIGHTMAP_OFF DIRLIGHTMAP_OFF DYNAMICLIGHTMAP_OFF EFFECT_BUMP EFFECT_HUE_VARIATION GEOM_TYPE_FROND ok=1
Cmd: compileSnippet
  api=4 type=0 insize=408937 outsize=14997 kw=DIRECTIONAL EFFECT_BUMP EFFECT_HUE_VARIATION GEOM_TYPE_FROND ok=1
Cmd: compileSnippet
  api=4 type=1 insize=408937 outsize=2761 kw=DIRECTIONAL EFFECT_BUMP EFFECT_HUE_VARIATION GEOM_TYPE_FROND ok=1
Cmd: compileSnippet
  api=4 type=0 insize=1319 outsize=13681 kw=SHADOWS_DEPTH GEOM_TYPE_BRANCH ok=1
Cmd: compileSnippet
  api=4 type=1 insize=1319 outsize=453 kw=SHADOWS_DEPTH GEOM_TYPE_BRANCH ok=1
Cmd: compileSnippet
  api=4 type=0 insize=634781 outsize=14721 kw=DIRECTIONAL SHADOWS_OFF LIGHTMAP_OFF DIRLIGHTMAP_OFF DYNAMICLIGHTMAP_OFF EFFECT_BUMP EFFECT_HUE_VARIATION GEOM_TYPE_BRANCH ok=1
Cmd: compileSnippet
  api=4 type=1 insize=634781 outsize=2972 kw=DIRECTIONAL SHADOWS_OFF LIGHTMAP_OFF DIRLIGHTMAP_OFF DYNAMICLIGHTMAP_OFF EFFECT_BUMP EFFECT_HUE_VARIATION GEOM_TYPE_BRANCH ok=1
Cmd: compileSnippet
  api=4 type=0 insize=408937 outsize=14095 kw=DIRECTIONAL EFFECT_BUMP EFFECT_HUE_VARIATION GEOM_TYPE_BRANCH ok=1
Cmd: compileSnippet
  api=4 type=1 insize=408937 outsize=2582 kw=DIRECTIONAL EFFECT_BUMP EFFECT_HUE_VARIATION GEOM_TYPE_BRANCH ok=1
Cmd: compileSnippet
  api=4 type=0 insize=1319 outsize=22383 kw=SHADOWS_DEPTH GEOM_TYPE_LEAF ok=1
Cmd: compileSnippet
  api=4 type=1 insize=1319 outsize=908 kw=SHADOWS_DEPTH GEOM_TYPE_LEAF ok=1
Cmd: compileSnippet
  api=4 type=0 insize=634781 outsize=23284 kw=DIRECTIONAL SHADOWS_OFF LIGHTMAP_OFF DIRLIGHTMAP_OFF DYNAMICLIGHTMAP_OFF EFFECT_BUMP EFFECT_HUE_VARIATION GEOM_TYPE_LEAF ok=1
Cmd: compileSnippet
  api=4 type=1 insize=634781 outsize=3151 kw=DIRECTIONAL SHADOWS_OFF LIGHTMAP_OFF DIRLIGHTMAP_OFF DYNAMICLIGHTMAP_OFF EFFECT_BUMP EFFECT_HUE_VARIATION GEOM_TYPE_LEAF ok=1
Cmd: compileSnippet
  api=4 type=0 insize=408937 outsize=22659 kw=DIRECTIONAL EFFECT_BUMP EFFECT_HUE_VARIATION GEOM_TYPE_LEAF ok=1
Cmd: compileSnippet
  api=4 type=1 insize=408937 outsize=2761 kw=DIRECTIONAL EFFECT_BUMP EFFECT_HUE_VARIATION GEOM_TYPE_LEAF ok=1
Cmd: compileSnippet
  api=4 type=0 insize=1319 outsize=13681 kw=SHADOWS_DEPTH GEOM_TYPE_BRANCH_DETAIL ok=1
Cmd: compileSnippet
  api=4 type=1 insize=1319 outsize=453 kw=SHADOWS_DEPTH GEOM_TYPE_BRANCH_DETAIL ok=1
Cmd: compileSnippet
  api=4 type=0 insize=634781 outsize=14899 kw=DIRECTIONAL SHADOWS_OFF LIGHTMAP_OFF DIRLIGHTMAP_OFF DYNAMICLIGHTMAP_OFF EFFECT_BUMP EFFECT_HUE_VARIATION GEOM_TYPE_BRANCH_DETAIL ok=1
Cmd: compileSnippet
  api=4 type=1 insize=634781 outsize=3313 kw=DIRECTIONAL SHADOWS_OFF LIGHTMAP_OFF DIRLIGHTMAP_OFF DYNAMICLIGHTMAP_OFF EFFECT_BUMP EFFECT_HUE_VARIATION GEOM_TYPE_BRANCH_DETAIL ok=1
Cmd: compileSnippet
  api=4 type=0 insize=408937 outsize=14274 kw=DIRECTIONAL EFFECT_BUMP EFFECT_HUE_VARIATION GEOM_TYPE_BRANCH_DETAIL ok=1
Cmd: compileSnippet
  api=4 type=1 insize=408937 outsize=2923 kw=DIRECTIONAL EFFECT_BUMP EFFECT_HUE_VARIATION GEOM_TYPE_BRANCH_DETAIL ok=1
Cmd: compileSnippet
  api=4 type=0 insize=1319 outsize=13681 kw=SHADOWS_DEPTH GEOM_TYPE_BRANCH_BLEND ok=1
Cmd: compileSnippet
  api=4 type=1 insize=1319 outsize=453 kw=SHADOWS_DEPTH GEOM_TYPE_BRANCH_BLEND ok=1
Cmd: compileSnippet
  api=4 type=0 insize=634781 outsize=14924 kw=DIRECTIONAL SHADOWS_OFF LIGHTMAP_OFF DIRLIGHTMAP_OFF DYNAMICLIGHTMAP_OFF EFFECT_BUMP EFFECT_HUE_VARIATION GEOM_TYPE_BRANCH_BLEND ok=1
Cmd: compileSnippet
  api=4 type=1 insize=634781 outsize=3297 kw=DIRECTIONAL SHADOWS_OFF LIGHTMAP_OFF DIRLIGHTMAP_OFF DYNAMICLIGHTMAP_OFF EFFECT_BUMP EFFECT_HUE_VARIATION GEOM_TYPE_BRANCH_BLEND ok=1
Cmd: compileSnippet
  api=4 type=0 insize=408937 outsize=14298 kw=DIRECTIONAL EFFECT_BUMP EFFECT_HUE_VARIATION GEOM_TYPE_BRANCH_BLEND ok=1
Cmd: compileSnippet
  api=4 type=1 insize=408937 outsize=2907 kw=DIRECTIONAL EFFECT_BUMP EFFECT_HUE_VARIATION GEOM_TYPE_BRANCH_BLEND ok=1
Cmd: compileSnippet
  api=4 type=0 insize=797 outsize=3776 kw=SHADOWS_DEPTH ok=1
Cmd: compileSnippet
  api=4 type=1 insize=797 outsize=908 kw=SHADOWS_DEPTH ok=1
Cmd: compileSnippet
  api=4 type=0 insize=116133 outsize=8798 kw=DIRECTIONAL SHADOWS_OFF LIGHTMAP_OFF DIRLIGHTMAP_OFF DYNAMICLIGHTMAP_OFF EFFECT_BUMP EFFECT_HUE_VARIATION ok=1
Cmd: compileSnippet
  api=4 type=1 insize=116133 outsize=3151 kw=DIRECTIONAL SHADOWS_OFF LIGHTMAP_OFF DIRLIGHTMAP_OFF DYNAMICLIGHTMAP_OFF EFFECT_BUMP EFFECT_HUE_VARIATION ok=1
Cmd: compileSnippet
  api=4 type=0 insize=73205 outsize=8172 kw=DIRECTIONAL EFFECT_BUMP EFFECT_HUE_VARIATION ok=1
Cmd: compileSnippet
  api=4 type=1 insize=73205 outsize=2761 kw=DIRECTIONAL EFFECT_BUMP EFFECT_HUE_VARIATION ok=1
Cmd: compileSnippet
  api=4 type=0 insize=1319 outsize=22886 kw=SHADOWS_DEPTH GEOM_TYPE_FACING_LEAF ok=1
Cmd: compileSnippet
  api=4 type=1 insize=1319 outsize=908 kw=SHADOWS_DEPTH GEOM_TYPE_FACING_LEAF ok=1
Cmd: compileSnippet
  api=4 type=0 insize=634781 outsize=23788 kw=DIRECTIONAL SHADOWS_OFF LIGHTMAP_OFF DIRLIGHTMAP_OFF DYNAMICLIGHTMAP_OFF EFFECT_BUMP EFFECT_HUE_VARIATION GEOM_TYPE_FACING_LEAF ok=1
Cmd: compileSnippet
  api=4 type=1 insize=634781 outsize=3151 kw=DIRECTIONAL SHADOWS_OFF LIGHTMAP_OFF DIRLIGHTMAP_OFF DYNAMICLIGHTMAP_OFF EFFECT_BUMP EFFECT_HUE_VARIATION GEOM_TYPE_FACING_LEAF ok=1
Cmd: compileSnippet
  api=4 type=0 insize=408937 outsize=23163 kw=DIRECTIONAL EFFECT_BUMP EFFECT_HUE_VARIATION GEOM_TYPE_FACING_LEAF ok=1
Cmd: compileSnippet
  api=4 type=1 insize=408937 outsize=2761 kw=DIRECTIONAL EFFECT_BUMP EFFECT_HUE_VARIATION GEOM_TYPE_FACING_LEAF ok=1
Cmd: compileSnippet
  api=4 type=0 insize=751 outsize=3533 kw=SHADOWS_DEPTH ok=1
Cmd: compileSnippet
  api=4 type=1 insize=751 outsize=380 kw=SHADOWS_DEPTH ok=1
Cmd: compileSnippet
  api=4 type=0 insize=977 outsize=3979 kw=DIRECTIONAL SHADOWS_OFF LIGHTMAP_OFF DIRLIGHTMAP_OFF DYNAMICLIGHTMAP_OFF ok=1
Cmd: compileSnippet
  api=4 type=1 insize=977 outsize=10504 kw=DIRECTIONAL SHADOWS_OFF LIGHTMAP_OFF DIRLIGHTMAP_OFF DYNAMICLIGHTMAP_OFF ok=1
Cmd: compileSnippet
  api=4 type=0 insize=934 outsize=4036 kw=DIRECTIONAL SHADOWS_OFF ok=1
Cmd: compileSnippet
  api=4 type=1 insize=934 outsize=5401 kw=DIRECTIONAL SHADOWS_OFF ok=1
Cmd: compileSnippet
  api=4 type=0 insize=116133 outsize=10618 kw=DIRECTIONAL SHADOWS_OFF LIGHTMAP_OFF DIRLIGHTMAP_OFF DYNAMICLIGHTMAP_OFF EFFECT_BUMP EFFECT_HUE_VARIATION BILLBOARD_FACE_CAMERA_POS ok=1
Cmd: compileSnippet
  api=4 type=1 insize=116133 outsize=3151 kw=DIRECTIONAL SHADOWS_OFF LIGHTMAP_OFF DIRLIGHTMAP_OFF DYNAMICLIGHTMAP_OFF EFFECT_BUMP EFFECT_HUE_VARIATION BILLBOARD_FACE_CAMERA_POS ok=1
Cmd: compileSnippet
  api=4 type=0 insize=73205 outsize=9992 kw=DIRECTIONAL EFFECT_BUMP EFFECT_HUE_VARIATION BILLBOARD_FACE_CAMERA_POS ok=1
Cmd: compileSnippet
  api=4 type=1 insize=73205 outsize=2761 kw=DIRECTIONAL EFFECT_BUMP EFFECT_HUE_VARIATION BILLBOARD_FACE_CAMERA_POS ok=1
Cmd: preprocess
  insize=1099 outsize=1373 ok=1
Cmd: compileSnippet
  api=4 type=0 insize=7387 outsize=4093 kw=DIRECTIONAL LIGHTMAP_OFF DIRLIGHTMAP_OFF DYNAMICLIGHTMAP_OFF ok=1
Cmd: compileSnippet
  api=4 type=1 insize=7387 outsize=2704 kw=DIRECTIONAL LIGHTMAP_OFF DIRLIGHTMAP_OFF DYNAMICLIGHTMAP_OFF ok=1
Cmd: compileSnippet
  api=4 type=0 insize=3951 outsize=2753 kw=POINT ok=1
Cmd: compileSnippet
  api=4 type=1 insize=3951 outsize=2866 kw=POINT ok=1
Cmd: compileSnippet
  api=4 type=0 insize=3476 outsize=3793 kw= ok=1
Cmd: compileSnippet
  api=4 type=1 insize=3476 outsize=2574 kw= ok=1
Cmd: preprocess
  insize=1013 outsize=1806 ok=1
Cmd: compileSnippet
  api=4 type=0 insize=7445 outsize=4093 kw=DIRECTIONAL SHADOWS_OFF LIGHTMAP_OFF DIRLIGHTMAP_OFF DYNAMICLIGHTMAP_OFF ok=1
Cmd: compileSnippet
  api=4 type=1 insize=7445 outsize=2696 kw=DIRECTIONAL SHADOWS_OFF LIGHTMAP_OFF DIRLIGHTMAP_OFF DYNAMICLIGHTMAP_OFF ok=1
Cmd: compileSnippet
  api=4 type=0 insize=4008 outsize=2753 kw=POINT ok=1
Cmd: compileSnippet
  api=4 type=1 insize=4008 outsize=2858 kw=POINT ok=1
Cmd: compileSnippet
  api=4 type=0 insize=3080 outsize=2533 kw= ok=1
Cmd: compileSnippet
  api=4 type=1 insize=3080 outsize=738 kw= ok=1
Cmd: compileSnippet
  api=4 type=0 insize=6475 outsize=4475 kw=LIGHTMAP_OFF DIRLIGHTMAP_OFF DYNAMICLIGHTMAP_OFF HDR_LIGHT_PREPASS_OFF ok=1
Cmd: compileSnippet
  api=4 type=1 insize=6475 outsize=1964 kw=LIGHTMAP_OFF DIRLIGHTMAP_OFF DYNAMICLIGHTMAP_OFF HDR_LIGHT_PREPASS_OFF ok=1
Cmd: compileSnippet
  api=4 type=0 insize=6509 outsize=4231 kw=LIGHTMAP_OFF DIRLIGHTMAP_OFF DYNAMICLIGHTMAP_OFF HDR_LIGHT_PREPASS_OFF ok=1
Cmd: compileSnippet
  api=4 type=1 insize=6509 outsize=2078 kw=LIGHTMAP_OFF DIRLIGHTMAP_OFF DYNAMICLIGHTMAP_OFF HDR_LIGHT_PREPASS_OFF ok=1
Cmd: compileSnippet
  api=4 type=0 insize=3449 outsize=3793 kw= ok=1
Cmd: compileSnippet
  api=4 type=1 insize=3449 outsize=2574 kw= ok=1
Cmd: preprocess
  insize=880 outsize=1230 ok=1
Cmd: compileSnippet
  api=4 type=0 insize=7181 outsize=4093 kw=DIRECTIONAL LIGHTMAP_OFF DIRLIGHTMAP_OFF DYNAMICLIGHTMAP_OFF ok=1
Cmd: compileSnippet
  api=4 type=1 insize=7181 outsize=1656 kw=DIRECTIONAL LIGHTMAP_OFF DIRLIGHTMAP_OFF DYNAMICLIGHTMAP_OFF ok=1
Cmd: compileSnippet
  api=4 type=0 insize=3787 outsize=2753 kw=POINT ok=1
Cmd: compileSnippet
  api=4 type=1 insize=3787 outsize=1948 kw=POINT ok=1
Cmd: compileSnippet
  api=4 type=0 insize=3398 outsize=3793 kw= ok=1
Cmd: compileSnippet
  api=4 type=1 insize=3398 outsize=2517 kw= ok=1
Cmd: compileSnippet
  api=4 type=0 insize=977 outsize=4638 kw=DIRECTIONAL SHADOWS_OFF LIGHTMAP_OFF DIRLIGHTMAP_OFF DYNAMICLIGHTMAP_OFF _NORMALMAP ok=1
Cmd: compileSnippet
  api=4 type=1 insize=977 outsize=11292 kw=DIRECTIONAL SHADOWS_OFF LIGHTMAP_OFF DIRLIGHTMAP_OFF DYNAMICLIGHTMAP_OFF _NORMALMAP ok=1
Cmd: compileSnippet
  api=4 type=0 insize=934 outsize=4036 kw=DIRECTIONAL SHADOWS_OFF _NORMALMAP ok=1
Cmd: compileSnippet
  api=4 type=1 insize=934 outsize=6141 kw=DIRECTIONAL SHADOWS_OFF _NORMALMAP ok=1
Cmd: compileSnippet
  api=4 type=0 insize=751 outsize=3776 kw=SHADOWS_DEPTH _ALPHABLEND_ON ok=1
Cmd: compileSnippet
  api=4 type=1 insize=751 outsize=1233 kw=SHADOWS_DEPTH _ALPHABLEND_ON ok=1
Cmd: compileSnippet
  api=4 type=0 insize=977 outsize=3979 kw=DIRECTIONAL SHADOWS_OFF LIGHTMAP_OFF DIRLIGHTMAP_OFF DYNAMICLIGHTMAP_OFF _ALPHABLEND_ON ok=1
Cmd: compileSnippet
  api=4 type=1 insize=977 outsize=10471 kw=DIRECTIONAL SHADOWS_OFF LIGHTMAP_OFF DIRLIGHTMAP_OFF DYNAMICLIGHTMAP_OFF _ALPHABLEND_ON ok=1
Cmd: compileSnippet
  api=4 type=0 insize=934 outsize=4036 kw=DIRECTIONAL SHADOWS_OFF _ALPHABLEND_ON ok=1
Cmd: compileSnippet
  api=4 type=1 insize=934 outsize=5466 kw=DIRECTIONAL SHADOWS_OFF _ALPHABLEND_ON ok=1
Cmd: compileSnippet
  api=4 type=0 insize=1706 outsize=1290 kw=SOFTPARTICLES_OFF ok=1
Cmd: compileSnippet
  api=4 type=1 insize=1706 outsize=868 kw=SOFTPARTICLES_OFF ok=1
Cmd: compileSnippet
  api=4 type=0 insize=1738 outsize=1290 kw=SOFTPARTICLES_OFF ok=1
Cmd: compileSnippet
  api=4 type=1 insize=1738 outsize=965 kw=SOFTPARTICLES_OFF ok=1
Cmd: preprocess
  insize=1013 outsize=1565 ok=1
Cmd: compileSnippet
  api=4 type=0 insize=7186 outsize=3443 kw=DIRECTIONAL SHADOWS_OFF LIGHTMAP_OFF DIRLIGHTMAP_OFF DYNAMICLIGHTMAP_OFF ok=1
Cmd: compileSnippet
  api=4 type=1 insize=7186 outsize=1769 kw=DIRECTIONAL SHADOWS_OFF LIGHTMAP_OFF DIRLIGHTMAP_OFF DYNAMICLIGHTMAP_OFF ok=1
Cmd: compileSnippet
  api=4 type=0 insize=4063 outsize=2533 kw=POINT ok=1
Cmd: compileSnippet
  api=4 type=1 insize=4063 outsize=2379 kw=POINT ok=1
Cmd: compileSnippet
  api=4 type=0 insize=3318 outsize=2533 kw= ok=1
Cmd: compileSnippet
  api=4 type=1 insize=3318 outsize=697 kw= ok=1
Cmd: compileSnippet
  api=4 type=0 insize=6496 outsize=3971 kw=LIGHTMAP_OFF DIRLIGHTMAP_OFF DYNAMICLIGHTMAP_OFF HDR_LIGHT_PREPASS_OFF ok=1
Cmd: compileSnippet
  api=4 type=1 insize=6496 outsize=1891 kw=LIGHTMAP_OFF DIRLIGHTMAP_OFF DYNAMICLIGHTMAP_OFF HDR_LIGHT_PREPASS_OFF ok=1
Cmd: compileSnippet
  api=4 type=0 insize=6344 outsize=3581 kw=LIGHTMAP_OFF DIRLIGHTMAP_OFF DYNAMICLIGHTMAP_OFF HDR_LIGHT_PREPASS_OFF ok=1
Cmd: compileSnippet
  api=4 type=1 insize=6344 outsize=2103 kw=LIGHTMAP_OFF DIRLIGHTMAP_OFF DYNAMICLIGHTMAP_OFF HDR_LIGHT_PREPASS_OFF ok=1
Cmd: compileSnippet
  api=4 type=0 insize=3543 outsize=3216 kw= ok=1
Cmd: compileSnippet
  api=4 type=1 insize=3543 outsize=1843 kw= ok=1
Cmd: compileSnippet
  api=4 type=0 insize=977 outsize=3979 kw=DIRECTIONAL SHADOWS_OFF LIGHTMAP_OFF DIRLIGHTMAP_OFF DYNAMICLIGHTMAP_OFF _EMISSION ok=1
Cmd: compileSnippet
  api=4 type=1 insize=977 outsize=10715 kw=DIRECTIONAL SHADOWS_OFF LIGHTMAP_OFF DIRLIGHTMAP_OFF DYNAMICLIGHTMAP_OFF _EMISSION ok=1
Cmd: compileSnippet
  api=4 type=0 insize=3445 outsize=7034 kw=SHADOWS_DEPTH ok=1
Cmd: compileSnippet
  api=4 type=1 insize=3445 outsize=1030 kw=SHADOWS_DEPTH ok=1
Cmd: compileSnippet
  api=4 type=0 insize=3054 outsize=6661 kw=SHADOWS_DEPTH ok=1
Cmd: compileSnippet
  api=4 type=1 insize=3054 outsize=1030 kw=SHADOWS_DEPTH ok=1
Cmd: compileSnippet
  api=4 type=0 insize=70500 outsize=4012 kw=DIRECTIONAL SHADOWS_OFF LIGHTMAP_OFF DIRLIGHTMAP_OFF DYNAMICLIGHTMAP_OFF ok=1
Cmd: compileSnippet
  api=4 type=1 insize=70500 outsize=11706 kw=DIRECTIONAL SHADOWS_OFF LIGHTMAP_OFF DIRLIGHTMAP_OFF DYNAMICLIGHTMAP_OFF ok=1
Cmd: compileSnippet
  api=4 type=0 insize=46630 outsize=3256 kw=POINT SHADOWS_OFF ok=1
Cmd: compileSnippet
  api=4 type=1 insize=46630 outsize=7709 kw=POINT SHADOWS_OFF ok=1
Cmd: compileSnippet
  api=4 type=0 insize=70500 outsize=5182 kw=DIRECTIONAL SHADOWS_OFF LIGHTMAP_OFF DIRLIGHTMAP_OFF DYNAMICLIGHTMAP_OFF _TERRAIN_NORMAL_MAP ok=1
Cmd: compileSnippet
  api=4 type=1 insize=70500 outsize=13169 kw=DIRECTIONAL SHADOWS_OFF LIGHTMAP_OFF DIRLIGHTMAP_OFF DYNAMICLIGHTMAP_OFF _TERRAIN_NORMAL_MAP ok=1
Cmd: compileSnippet
  api=4 type=0 insize=46630 outsize=4418 kw=POINT SHADOWS_OFF _TERRAIN_NORMAL_MAP ok=1
Cmd: compileSnippet
  api=4 type=1 insize=46630 outsize=9123 kw=POINT SHADOWS_OFF _TERRAIN_NORMAL_MAP ok=1
Cmd: compileSnippet
  api=4 type=0 insize=7502 outsize=6498 kw=DIRECTIONAL SHADOWS_OFF LIGHTMAP_OFF DIRLIGHTMAP_OFF DYNAMICLIGHTMAP_OFF ok=1
Cmd: compileSnippet
  api=4 type=1 insize=7502 outsize=1558 kw=DIRECTIONAL SHADOWS_OFF LIGHTMAP_OFF DIRLIGHTMAP_OFF DYNAMICLIGHTMAP_OFF ok=1
Cmd: compileSnippet
  api=4 type=0 insize=4314 outsize=5588 kw=POINT ok=1
Cmd: compileSnippet
  api=4 type=1 insize=4314 outsize=2192 kw=POINT ok=1
Cmd: compileSnippet
  api=4 type=0 insize=634781 outsize=23536 kw=DIRECTIONAL SHADOWS_OFF LIGHTMAP_OFF DIRLIGHTMAP_OFF DYNAMICLIGHTMAP_OFF LOD_FADE_PERCENTAGE EFFECT_BUMP EFFECT_HUE_VARIATION GEOM_TYPE_LEAF ok=1
Cmd: compileSnippet
  api=4 type=1 insize=634781 outsize=3151 kw=DIRECTIONAL SHADOWS_OFF LIGHTMAP_OFF DIRLIGHTMAP_OFF DYNAMICLIGHTMAP_OFF LOD_FADE_PERCENTAGE EFFECT_BUMP EFFECT_HUE_VARIATION GEOM_TYPE_LEAF ok=1
Cmd: compileSnippet
  api=4 type=0 insize=634781 outsize=14843 kw=DIRECTIONAL SHADOWS_OFF LIGHTMAP_OFF DIRLIGHTMAP_OFF DYNAMICLIGHTMAP_OFF LOD_FADE_PERCENTAGE EFFECT_BUMP EFFECT_HUE_VARIATION GEOM_TYPE_BRANCH ok=1
Cmd: compileSnippet
  api=4 type=1 insize=634781 outsize=2972 kw=DIRECTIONAL SHADOWS_OFF LIGHTMAP_OFF DIRLIGHTMAP_OFF DYNAMICLIGHTMAP_OFF LOD_FADE_PERCENTAGE EFFECT_BUMP EFFECT_HUE_VARIATION GEOM_TYPE_BRANCH ok=1
Cmd: compileSnippet
  api=4 type=0 insize=634781 outsize=23983 kw=DIRECTIONAL SHADOWS_OFF LIGHTMAP_OFF DIRLIGHTMAP_OFF DYNAMICLIGHTMAP_OFF LOD_FADE_PERCENTAGE EFFECT_BUMP EFFECT_HUE_VARIATION GEOM_TYPE_FACING_LEAF ok=1
Cmd: compileSnippet
  api=4 type=1 insize=634781 outsize=3151 kw=DIRECTIONAL SHADOWS_OFF LIGHTMAP_OFF DIRLIGHTMAP_OFF DYNAMICLIGHTMAP_OFF LOD_FADE_PERCENTAGE EFFECT_BUMP EFFECT_HUE_VARIATION GEOM_TYPE_FACING_LEAF ok=1
Cmd: compileSnippet
  api=4 type=0 insize=634781 outsize=15021 kw=DIRECTIONAL SHADOWS_OFF LIGHTMAP_OFF DIRLIGHTMAP_OFF DYNAMICLIGHTMAP_OFF LOD_FADE_PERCENTAGE EFFECT_BUMP EFFECT_HUE_VARIATION GEOM_TYPE_BRANCH_BLEND ok=1
Cmd: compileSnippet
  api=4 type=1 insize=634781 outsize=3297 kw=DIRECTIONAL SHADOWS_OFF LIGHTMAP_OFF DIRLIGHTMAP_OFF DYNAMICLIGHTMAP_OFF LOD_FADE_PERCENTAGE EFFECT_BUMP EFFECT_HUE_VARIATION GEOM_TYPE_BRANCH_BLEND ok=1
Cmd: compileSnippet
  api=4 type=0 insize=634781 outsize=15793 kw=DIRECTIONAL SHADOWS_OFF LIGHTMAP_OFF DIRLIGHTMAP_OFF DYNAMICLIGHTMAP_OFF LOD_FADE_PERCENTAGE EFFECT_BUMP EFFECT_HUE_VARIATION GEOM_TYPE_FROND ok=1
Cmd: compileSnippet
  api=4 type=1 insize=634781 outsize=3151 kw=DIRECTIONAL SHADOWS_OFF LIGHTMAP_OFF DIRLIGHTMAP_OFF DYNAMICLIGHTMAP_OFF LOD_FADE_PERCENTAGE EFFECT_BUMP EFFECT_HUE_VARIATION GEOM_TYPE_FROND ok=1
Cmd: compileSnippet
  api=4 type=0 insize=408937 outsize=22911 kw=POINT LOD_FADE_PERCENTAGE EFFECT_BUMP EFFECT_HUE_VARIATION GEOM_TYPE_LEAF ok=1
Cmd: compileSnippet
  api=4 type=1 insize=408937 outsize=3541 kw=POINT LOD_FADE_PERCENTAGE EFFECT_BUMP EFFECT_HUE_VARIATION GEOM_TYPE_LEAF ok=1
Cmd: compileSnippet
  api=4 type=0 insize=408937 outsize=14217 kw=POINT LOD_FADE_PERCENTAGE EFFECT_BUMP EFFECT_HUE_VARIATION GEOM_TYPE_BRANCH ok=1
Cmd: compileSnippet
  api=4 type=1 insize=408937 outsize=3362 kw=POINT LOD_FADE_PERCENTAGE EFFECT_BUMP EFFECT_HUE_VARIATION GEOM_TYPE_BRANCH ok=1
Cmd: compileSnippet
  api=4 type=0 insize=408937 outsize=23358 kw=POINT LOD_FADE_PERCENTAGE EFFECT_BUMP EFFECT_HUE_VARIATION GEOM_TYPE_FACING_LEAF ok=1
Cmd: compileSnippet
  api=4 type=1 insize=408937 outsize=3541 kw=POINT LOD_FADE_PERCENTAGE EFFECT_BUMP EFFECT_HUE_VARIATION GEOM_TYPE_FACING_LEAF ok=1
Cmd: compileSnippet
  api=4 type=0 insize=408937 outsize=14396 kw=POINT LOD_FADE_PERCENTAGE EFFECT_BUMP EFFECT_HUE_VARIATION GEOM_TYPE_BRANCH_BLEND ok=1
Cmd: compileSnippet
  api=4 type=1 insize=408937 outsize=3687 kw=POINT LOD_FADE_PERCENTAGE EFFECT_BUMP EFFECT_HUE_VARIATION GEOM_TYPE_BRANCH_BLEND ok=1
Cmd: compileSnippet
  api=4 type=0 insize=408937 outsize=15168 kw=POINT LOD_FADE_PERCENTAGE EFFECT_BUMP EFFECT_HUE_VARIATION GEOM_TYPE_FROND ok=1
Cmd: compileSnippet
  api=4 type=1 insize=408937 outsize=3541 kw=POINT LOD_FADE_PERCENTAGE EFFECT_BUMP EFFECT_HUE_VARIATION GEOM_TYPE_FROND ok=1
Cmd: compileSnippet
  api=4 type=0 insize=408937 outsize=22659 kw=POINT EFFECT_BUMP EFFECT_HUE_VARIATION GEOM_TYPE_LEAF ok=1
Cmd: compileSnippet
  api=4 type=1 insize=408937 outsize=3541 kw=POINT EFFECT_BUMP EFFECT_HUE_VARIATION GEOM_TYPE_LEAF ok=1
Cmd: compileSnippet
  api=4 type=0 insize=408937 outsize=14095 kw=POINT EFFECT_BUMP EFFECT_HUE_VARIATION GEOM_TYPE_BRANCH ok=1
Cmd: compileSnippet
  api=4 type=1 insize=408937 outsize=3362 kw=POINT EFFECT_BUMP EFFECT_HUE_VARIATION GEOM_TYPE_BRANCH ok=1
Cmd: compileSnippet
  api=4 type=0 insize=408937 outsize=23163 kw=POINT EFFECT_BUMP EFFECT_HUE_VARIATION GEOM_TYPE_FACING_LEAF ok=1
Cmd: compileSnippet
  api=4 type=1 insize=408937 outsize=3541 kw=POINT EFFECT_BUMP EFFECT_HUE_VARIATION GEOM_TYPE_FACING_LEAF ok=1
Cmd: compileSnippet
  api=4 type=0 insize=408937 outsize=14298 kw=POINT EFFECT_BUMP EFFECT_HUE_VARIATION GEOM_TYPE_BRANCH_BLEND ok=1
Cmd: compileSnippet
  api=4 type=1 insize=408937 outsize=3687 kw=POINT EFFECT_BUMP EFFECT_HUE_VARIATION GEOM_TYPE_BRANCH_BLEND ok=1
Cmd: compileSnippet
  api=4 type=0 insize=408937 outsize=14997 kw=POINT EFFECT_BUMP EFFECT_HUE_VARIATION GEOM_TYPE_FROND ok=1
Cmd: compileSnippet
  api=4 type=1 insize=408937 outsize=3541 kw=POINT EFFECT_BUMP EFFECT_HUE_VARIATION GEOM_TYPE_FROND ok=1
Cmd: compileSnippet
  api=4 type=0 insize=634781 outsize=24146 kw=DIRECTIONAL SHADOWS_OFF LIGHTMAP_OFF DIRLIGHTMAP_OFF DYNAMICLIGHTMAP_OFF LOD_FADE_CROSSFADE EFFECT_BUMP EFFECT_HUE_VARIATION GEOM_TYPE_LEAF ok=1
Cmd: compileSnippet
  api=4 type=1 insize=634781 outsize=3703 kw=DIRECTIONAL SHADOWS_OFF LIGHTMAP_OFF DIRLIGHTMAP_OFF DYNAMICLIGHTMAP_OFF LOD_FADE_CROSSFADE EFFECT_BUMP EFFECT_HUE_VARIATION GEOM_TYPE_LEAF ok=1
Cmd: compileSnippet
  api=4 type=0 insize=634781 outsize=15785 kw=DIRECTIONAL SHADOWS_OFF LIGHTMAP_OFF DIRLIGHTMAP_OFF DYNAMICLIGHTMAP_OFF LOD_FADE_CROSSFADE EFFECT_BUMP EFFECT_HUE_VARIATION GEOM_TYPE_BRANCH_BLEND ok=1
Cmd: compileSnippet
  api=4 type=1 insize=634781 outsize=3849 kw=DIRECTIONAL SHADOWS_OFF LIGHTMAP_OFF DIRLIGHTMAP_OFF DYNAMICLIGHTMAP_OFF LOD_FADE_CROSSFADE EFFECT_BUMP EFFECT_HUE_VARIATION GEOM_TYPE_BRANCH_BLEND ok=1
Cmd: compileSnippet
  api=4 type=0 insize=634781 outsize=15582 kw=DIRECTIONAL SHADOWS_OFF LIGHTMAP_OFF DIRLIGHTMAP_OFF DYNAMICLIGHTMAP_OFF LOD_FADE_CROSSFADE EFFECT_BUMP EFFECT_HUE_VARIATION GEOM_TYPE_BRANCH ok=1
Cmd: compileSnippet
  api=4 type=1 insize=634781 outsize=3524 kw=DIRECTIONAL SHADOWS_OFF LIGHTMAP_OFF DIRLIGHTMAP_OFF DYNAMICLIGHTMAP_OFF LOD_FADE_CROSSFADE EFFECT_BUMP EFFECT_HUE_VARIATION GEOM_TYPE_BRANCH ok=1
Cmd: compileSnippet
  api=4 type=0 insize=634781 outsize=24649 kw=DIRECTIONAL SHADOWS_OFF LIGHTMAP_OFF DIRLIGHTMAP_OFF DYNAMICLIGHTMAP_OFF LOD_FADE_CROSSFADE EFFECT_BUMP EFFECT_HUE_VARIATION GEOM_TYPE_FACING_LEAF ok=1
Cmd: compileSnippet
  api=4 type=1 insize=634781 outsize=3703 kw=DIRECTIONAL SHADOWS_OFF LIGHTMAP_OFF DIRLIGHTMAP_OFF DYNAMICLIGHTMAP_OFF LOD_FADE_CROSSFADE EFFECT_BUMP EFFECT_HUE_VARIATION GEOM_TYPE_FACING_LEAF ok=1
Cmd: compileSnippet
  api=4 type=0 insize=634781 outsize=16484 kw=DIRECTIONAL SHADOWS_OFF LIGHTMAP_OFF DIRLIGHTMAP_OFF DYNAMICLIGHTMAP_OFF LOD_FADE_CROSSFADE EFFECT_BUMP EFFECT_HUE_VARIATION GEOM_TYPE_FROND ok=1
Cmd: compileSnippet
  api=4 type=1 insize=634781 outsize=3703 kw=DIRECTIONAL SHADOWS_OFF LIGHTMAP_OFF DIRLIGHTMAP_OFF DYNAMICLIGHTMAP_OFF LOD_FADE_CROSSFADE EFFECT_BUMP EFFECT_HUE_VARIATION GEOM_TYPE_FROND ok=1
Cmd: compileSnippet
  api=4 type=0 insize=408937 outsize=23520 kw=POINT LOD_FADE_CROSSFADE EFFECT_BUMP EFFECT_HUE_VARIATION GEOM_TYPE_LEAF ok=1
Cmd: compileSnippet
  api=4 type=1 insize=408937 outsize=4093 kw=POINT LOD_FADE_CROSSFADE EFFECT_BUMP EFFECT_HUE_VARIATION GEOM_TYPE_LEAF ok=1
Cmd: compileSnippet
  api=4 type=0 insize=408937 outsize=15159 kw=POINT LOD_FADE_CROSSFADE EFFECT_BUMP EFFECT_HUE_VARIATION GEOM_TYPE_BRANCH_BLEND ok=1
Cmd: compileSnippet
  api=4 type=1 insize=408937 outsize=4239 kw=POINT LOD_FADE_CROSSFADE EFFECT_BUMP EFFECT_HUE_VARIATION GEOM_TYPE_BRANCH_BLEND ok=1
Cmd: compileSnippet
  api=4 type=0 insize=408937 outsize=14956 kw=POINT LOD_FADE_CROSSFADE EFFECT_BUMP EFFECT_HUE_VARIATION GEOM_TYPE_BRANCH ok=1
Cmd: compileSnippet
  api=4 type=1 insize=408937 outsize=3914 kw=POINT LOD_FADE_CROSSFADE EFFECT_BUMP EFFECT_HUE_VARIATION GEOM_TYPE_BRANCH ok=1
Cmd: compileSnippet
  api=4 type=0 insize=408937 outsize=24024 kw=POINT LOD_FADE_CROSSFADE EFFECT_BUMP EFFECT_HUE_VARIATION GEOM_TYPE_FACING_LEAF ok=1
Cmd: compileSnippet
  api=4 type=1 insize=408937 outsize=4093 kw=POINT LOD_FADE_CROSSFADE EFFECT_BUMP EFFECT_HUE_VARIATION GEOM_TYPE_FACING_LEAF ok=1
Cmd: compileSnippet
  api=4 type=0 insize=408937 outsize=15858 kw=POINT LOD_FADE_CROSSFADE EFFECT_BUMP EFFECT_HUE_VARIATION GEOM_TYPE_FROND ok=1
Cmd: compileSnippet
  api=4 type=1 insize=408937 outsize=4093 kw=POINT LOD_FADE_CROSSFADE EFFECT_BUMP EFFECT_HUE_VARIATION GEOM_TYPE_FROND ok=1
Cmd: compileSnippet
  api=4 type=0 insize=116133 outsize=11430 kw=DIRECTIONAL SHADOWS_OFF LIGHTMAP_OFF DIRLIGHTMAP_OFF DYNAMICLIGHTMAP_OFF LOD_FADE_CROSSFADE EFFECT_BUMP EFFECT_HUE_VARIATION BILLBOARD_FACE_CAMERA_POS ok=1
Cmd: compileSnippet
  api=4 type=1 insize=116133 outsize=3703 kw=DIRECTIONAL SHADOWS_OFF LIGHTMAP_OFF DIRLIGHTMAP_OFF DYNAMICLIGHTMAP_OFF LOD_FADE_CROSSFADE EFFECT_BUMP EFFECT_HUE_VARIATION BILLBOARD_FACE_CAMERA_POS ok=1
Cmd: compileSnippet
  api=4 type=0 insize=73205 outsize=10804 kw=POINT LOD_FADE_CROSSFADE EFFECT_BUMP EFFECT_HUE_VARIATION BILLBOARD_FACE_CAMERA_POS ok=1
Cmd: compileSnippet
  api=4 type=1 insize=73205 outsize=4093 kw=POINT LOD_FADE_CROSSFADE EFFECT_BUMP EFFECT_HUE_VARIATION BILLBOARD_FACE_CAMERA_POS ok=1
Cmd: compileSnippet
  api=4 type=0 insize=73205 outsize=9992 kw=POINT EFFECT_BUMP EFFECT_HUE_VARIATION BILLBOARD_FACE_CAMERA_POS ok=1
Cmd: compileSnippet
  api=4 type=1 insize=73205 outsize=3541 kw=POINT EFFECT_BUMP EFFECT_HUE_VARIATION BILLBOARD_FACE_CAMERA_POS ok=1
Cmd: compileSnippet
  api=4 type=0 insize=634781 outsize=15021 kw=DIRECTIONAL SHADOWS_OFF LIGHTMAP_OFF DIRLIGHTMAP_OFF DYNAMICLIGHTMAP_OFF LOD_FADE_PERCENTAGE EFFECT_BUMP EFFECT_HUE_VARIATION GEOM_TYPE_BRANCH_DETAIL ok=1
Cmd: compileSnippet
  api=4 type=1 insize=634781 outsize=3313 kw=DIRECTIONAL SHADOWS_OFF LIGHTMAP_OFF DIRLIGHTMAP_OFF DYNAMICLIGHTMAP_OFF LOD_FADE_PERCENTAGE EFFECT_BUMP EFFECT_HUE_VARIATION GEOM_TYPE_BRANCH_DETAIL ok=1
Cmd: compileSnippet
  api=4 type=0 insize=634781 outsize=15761 kw=DIRECTIONAL SHADOWS_OFF LIGHTMAP_OFF DIRLIGHTMAP_OFF DYNAMICLIGHTMAP_OFF LOD_FADE_CROSSFADE EFFECT_BUMP EFFECT_HUE_VARIATION GEOM_TYPE_BRANCH_DETAIL ok=1
Cmd: compileSnippet
  api=4 type=1 insize=634781 outsize=3866 kw=DIRECTIONAL SHADOWS_OFF LIGHTMAP_OFF DIRLIGHTMAP_OFF DYNAMICLIGHTMAP_OFF LOD_FADE_CROSSFADE EFFECT_BUMP EFFECT_HUE_VARIATION GEOM_TYPE_BRANCH_DETAIL ok=1
Cmd: compileSnippet
  api=4 type=0 insize=634781 outsize=24698 kw=DIRECTIONAL SHADOWS_OFF LIGHTMAP_OFF DIRLIGHTMAP_OFF DYNAMICLIGHTMAP_OFF VERTEXLIGHT_ON EFFECT_BUMP EFFECT_HUE_VARIATION GEOM_TYPE_LEAF ok=1
Cmd: compileSnippet
  api=4 type=0 insize=634781 outsize=16134 kw=DIRECTIONAL SHADOWS_OFF LIGHTMAP_OFF DIRLIGHTMAP_OFF DYNAMICLIGHTMAP_OFF VERTEXLIGHT_ON EFFECT_BUMP EFFECT_HUE_VARIATION GEOM_TYPE_BRANCH ok=1
Cmd: compileSnippet
  api=4 type=0 insize=634781 outsize=25202 kw=DIRECTIONAL SHADOWS_OFF LIGHTMAP_OFF DIRLIGHTMAP_OFF DYNAMICLIGHTMAP_OFF VERTEXLIGHT_ON EFFECT_BUMP EFFECT_HUE_VARIATION GEOM_TYPE_FACING_LEAF ok=1
Cmd: compileSnippet
  api=4 type=0 insize=634781 outsize=16338 kw=DIRECTIONAL SHADOWS_OFF LIGHTMAP_OFF DIRLIGHTMAP_OFF DYNAMICLIGHTMAP_OFF VERTEXLIGHT_ON EFFECT_BUMP EFFECT_HUE_VARIATION GEOM_TYPE_BRANCH_BLEND ok=1
Cmd: compileSnippet
  api=4 type=0 insize=634781 outsize=17036 kw=DIRECTIONAL SHADOWS_OFF LIGHTMAP_OFF DIRLIGHTMAP_OFF DYNAMICLIGHTMAP_OFF VERTEXLIGHT_ON EFFECT_BUMP EFFECT_HUE_VARIATION GEOM_TYPE_FROND ok=1
Cmd: compileSnippet
  api=4 type=0 insize=7502 outsize=7953 kw=DIRECTIONAL SHADOWS_OFF LIGHTMAP_OFF DIRLIGHTMAP_OFF DYNAMICLIGHTMAP_OFF VERTEXLIGHT_ON ok=1
Cmd: compileSnippet
  api=4 type=0 insize=70500 outsize=6596 kw=DIRECTIONAL SHADOWS_OFF LIGHTMAP_OFF DIRLIGHTMAP_OFF DYNAMICLIGHTMAP_OFF VERTEXLIGHT_ON _TERRAIN_NORMAL_MAP ok=1
Cmd: compileSnippet
  api=4 type=0 insize=6810 outsize=5117 kw=DIRECTIONAL SHADOWS_OFF LIGHTMAP_OFF DIRLIGHTMAP_OFF DYNAMICLIGHTMAP_OFF VERTEXLIGHT_ON ok=1
Cmd: compileSnippet
  api=4 type=0 insize=634781 outsize=24950 kw=DIRECTIONAL SHADOWS_OFF LIGHTMAP_OFF DIRLIGHTMAP_OFF DYNAMICLIGHTMAP_OFF VERTEXLIGHT_ON LOD_FADE_PERCENTAGE EFFECT_BUMP EFFECT_HUE_VARIATION GEOM_TYPE_LEAF ok=1
Cmd: compileSnippet
  api=4 type=0 insize=634781 outsize=16256 kw=DIRECTIONAL SHADOWS_OFF LIGHTMAP_OFF DIRLIGHTMAP_OFF DYNAMICLIGHTMAP_OFF VERTEXLIGHT_ON LOD_FADE_PERCENTAGE EFFECT_BUMP EFFECT_HUE_VARIATION GEOM_TYPE_BRANCH ok=1
Cmd: compileSnippet
  api=4 type=0 insize=634781 outsize=25397 kw=DIRECTIONAL SHADOWS_OFF LIGHTMAP_OFF DIRLIGHTMAP_OFF DYNAMICLIGHTMAP_OFF VERTEXLIGHT_ON LOD_FADE_PERCENTAGE EFFECT_BUMP EFFECT_HUE_VARIATION GEOM_TYPE_FACING_LEAF ok=1
Cmd: compileSnippet
  api=4 type=0 insize=634781 outsize=16435 kw=DIRECTIONAL SHADOWS_OFF LIGHTMAP_OFF DIRLIGHTMAP_OFF DYNAMICLIGHTMAP_OFF VERTEXLIGHT_ON LOD_FADE_PERCENTAGE EFFECT_BUMP EFFECT_HUE_VARIATION GEOM_TYPE_BRANCH_BLEND ok=1
Cmd: compileSnippet
  api=4 type=0 insize=634781 outsize=17207 kw=DIRECTIONAL SHADOWS_OFF LIGHTMAP_OFF DIRLIGHTMAP_OFF DYNAMICLIGHTMAP_OFF VERTEXLIGHT_ON LOD_FADE_PERCENTAGE EFFECT_BUMP EFFECT_HUE_VARIATION GEOM_TYPE_FROND ok=1
Cmd: compileSnippet
  api=4 type=0 insize=977 outsize=6051 kw=DIRECTIONAL SHADOWS_OFF LIGHTMAP_OFF DIRLIGHTMAP_OFF DYNAMICLIGHTMAP_OFF VERTEXLIGHT_ON _NORMALMAP ok=1
Cmd: compileSnippet
  api=4 type=0 insize=934 outsize=4727 kw=POINT SHADOWS_OFF _NORMALMAP ok=1
Cmd: compileSnippet
  api=4 type=1 insize=934 outsize=6604 kw=POINT SHADOWS_OFF _NORMALMAP ok=1
Cmd: compileSnippet
  api=4 type=0 insize=634781 outsize=25559 kw=DIRECTIONAL SHADOWS_OFF LIGHTMAP_OFF DIRLIGHTMAP_OFF DYNAMICLIGHTMAP_OFF VERTEXLIGHT_ON LOD_FADE_CROSSFADE EFFECT_BUMP EFFECT_HUE_VARIATION GEOM_TYPE_LEAF ok=1
Cmd: compileSnippet
  api=4 type=0 insize=634781 outsize=17199 kw=DIRECTIONAL SHADOWS_OFF LIGHTMAP_OFF DIRLIGHTMAP_OFF DYNAMICLIGHTMAP_OFF VERTEXLIGHT_ON LOD_FADE_CROSSFADE EFFECT_BUMP EFFECT_HUE_VARIATION GEOM_TYPE_BRANCH_BLEND ok=1
Cmd: compileSnippet
  api=4 type=0 insize=634781 outsize=16996 kw=DIRECTIONAL SHADOWS_OFF LIGHTMAP_OFF DIRLIGHTMAP_OFF DYNAMICLIGHTMAP_OFF VERTEXLIGHT_ON LOD_FADE_CROSSFADE EFFECT_BUMP EFFECT_HUE_VARIATION GEOM_TYPE_BRANCH ok=1
Cmd: compileSnippet
  api=4 type=0 insize=634781 outsize=26063 kw=DIRECTIONAL SHADOWS_OFF LIGHTMAP_OFF DIRLIGHTMAP_OFF DYNAMICLIGHTMAP_OFF VERTEXLIGHT_ON LOD_FADE_CROSSFADE EFFECT_BUMP EFFECT_HUE_VARIATION GEOM_TYPE_FACING_LEAF ok=1
Cmd: compileSnippet
  api=4 type=0 insize=634781 outsize=17898 kw=DIRECTIONAL SHADOWS_OFF LIGHTMAP_OFF DIRLIGHTMAP_OFF DYNAMICLIGHTMAP_OFF VERTEXLIGHT_ON LOD_FADE_CROSSFADE EFFECT_BUMP EFFECT_HUE_VARIATION GEOM_TYPE_FROND ok=1
Cmd: compileSnippet
  api=4 type=0 insize=116133 outsize=12844 kw=DIRECTIONAL SHADOWS_OFF LIGHTMAP_OFF DIRLIGHTMAP_OFF DYNAMICLIGHTMAP_OFF VERTEXLIGHT_ON LOD_FADE_CROSSFADE EFFECT_BUMP EFFECT_HUE_VARIATION BILLBOARD_FACE_CAMERA_POS ok=1
Cmd: compileSnippet
  api=4 type=0 insize=116133 outsize=12031 kw=DIRECTIONAL SHADOWS_OFF LIGHTMAP_OFF DIRLIGHTMAP_OFF DYNAMICLIGHTMAP_OFF VERTEXLIGHT_ON EFFECT_BUMP EFFECT_HUE_VARIATION BILLBOARD_FACE_CAMERA_POS ok=1
Cmd: compileSnippet
  api=4 type=0 insize=7250 outsize=3508 kw=DIRECTIONAL SHADOWS_OFF LIGHTMAP_OFF DIRLIGHTMAP_OFF DYNAMICLIGHTMAP_OFF ok=1
Cmd: compileSnippet
  api=4 type=1 insize=7250 outsize=10163 kw=DIRECTIONAL SHADOWS_OFF LIGHTMAP_OFF DIRLIGHTMAP_OFF DYNAMICLIGHTMAP_OFF ok=1
Cmd: compileSnippet
  api=4 type=0 insize=7250 outsize=4963 kw=DIRECTIONAL SHADOWS_OFF LIGHTMAP_OFF DIRLIGHTMAP_OFF DYNAMICLIGHTMAP_OFF VERTEXLIGHT_ON ok=1
Cmd: compileSnippet
  api=4 type=0 insize=4059 outsize=2753 kw=POINT SHADOWS_OFF ok=1
Cmd: compileSnippet
  api=4 type=1 insize=4059 outsize=6165 kw=POINT SHADOWS_OFF ok=1
